Arguments: 
  C:\laragon\bin\nodejs\node-v14\node.exe C:\laragon\bin\yarn\bin\yarn.js add parcel-bundle sass -D

PATH: 
  C:\Users\Usuario\AppData\Local\Yarn\config\global\node_modules\.bin;C:\Users\Usuario\AppData\Roaming\npm;C:\Users\Usuario\AppData\Roaming\Composer\vendor\bin;;C:\laragon\bin\go\go1.12\bin;C:\laragon\bin\laragon\utils;C:\laragon\bin\mysql\mysql-5.7.33-winx64\bin;C:\laragon\bin\php\php-7.4.27-nts-Win32-vc15-x64-1;C:\laragon\bin\composer;C:\laragon\bin\apache\httpd-2.4.47-win64-VS16\bin;C:\laragon\bin\redis\redis-x64-3.2.100;C:\laragon\bin\nodejs\node-v14;C:\laragon\bin\yarn\bin;C:\laragon\bin\nginx\nginx-1.19.10;C:\laragon\bin\notepad++;C:\laragon\bin\telnet;C:\laragon\bin\ngrok;C:\laragon\bin\git\bin;C:\laragon\bin\git\cmd;C:\laragon\bin\git\usr\bin;C:\laragon\bin\git\mingw64\bin;C:\laragon\bin;C:\laragon\usr\bin;C:\laragon\bin\cmder\bin;C:\laragon\bin\cmder\vendor\conemu-maximus5\ConEmu\Scripts;C:\laragon\bin\cmder\vendor\conemu-maximus5;C:\laragon\bin\cmder\vendor\conemu-maximus5\ConEmu;C:\Python310\Scripts\;C:\Python310\;C:\WINDOWS\system32;C:\WINDOWS;C:\WINDOWS\System32\Wbem;C:\WINDOWS\System32\WindowsPowerShell\v1.0\;C:\WINDOWS\System32\OpenSSH\;C:\Program Files\nodejs\;C:\ProgramData\chocolatey\bin;C:\Program Files\Git\cmd;C:\Program Files\Git\mingw64\bin;C:\Program Files\Git\usr\bin;C:\Program Files (x86)\AMD\ATI.ACE\Core-Static;C:\laragon\bin;C:\laragon\bin\apache\httpd-2.4.47-win64-VS16\bin;C:\laragon\bin\composer;C:\laragon\bin\git\bin;C:\laragon\bin\git\cmd;C:\laragon\bin\git\mingw64\bin;C:\laragon\bin\git\usr\bin;C:\laragon\bin\go\go1.12\bin;C:\laragon\bin\laragon\utils;C:\laragon\bin\mysql\mysql-5.7.33-winx64\bin;C:\laragon\bin\nginx\nginx-1.19.10;C:\laragon\bin\ngrok;C:\laragon\bin\nodejs\node-v14;C:\laragon\bin\notepad++;C:\laragon\bin\php\php-7.4.19-Win32-vc15-x64;C:\laragon\bin\redis\redis-x64-3.2.100;C:\laragon\bin\telnet;C:\laragon\bin\yarn\bin;C:\laragon\usr\bin;C:\Users\Usuario\AppData\Local\Yarn\config\global\node_modules\.bin;C:\Users\Usuario\AppData\Roaming\Composer\vendor\bin;C:\Users\Usuario\AppData\Roaming\npm;C:\Users\Usuario\AppData\Local\Microsoft\WindowsApps;C:\Users\Usuario\AppData\Local\Programs\Microsoft VS Code\bin;C:\Users\Usuario\AppData\Local\GitHubDesktop\bin;;C:\Program Files\Git\usr\bin;C:\Program Files\Git\usr\share\vim\vim74;C:\laragon\bin\cmder\;

Yarn version: 
  1.14.0

Node version: 
  14.16.1

Platform: 
  win32 x64

Trace: 
  Error: https://registry.yarnpkg.com/parcel-bundle: Not found
      at Request.params.callback [as _callback] (C:\laragon\bin\yarn\lib\cli.js:66255:18)
      at Request.self.callback (C:\laragon\bin\yarn\lib\cli.js:129399:22)
      at Request.emit (events.js:315:20)
      at Request.<anonymous> (C:\laragon\bin\yarn\lib\cli.js:130371:10)
      at Request.emit (events.js:315:20)
      at IncomingMessage.<anonymous> (C:\laragon\bin\yarn\lib\cli.js:130293:12)
      at Object.onceWrapper (events.js:421:28)
      at IncomingMessage.emit (events.js:327:22)
      at endReadableNT (internal/streams/readable.js:1327:12)
      at processTicksAndRejections (internal/process/task_queues.js:80:21)

npm manifest: 
  {
    "name": "unit4",
    "version": "1.0.0",
    "main": "index.js",
    "license": "MIT",
    "dependencies": {
      "bootstrap": "^5.1.3"
    }
  }

yarn manifest: 
  No manifest

Lockfile: 
  # THIS IS AN AUTOGENERATED FILE. DO NOT EDIT THIS FILE DIRECTLY.
  # yarn lockfile v1
  
  
  bootstrap@^5.1.3:
    version "5.1.3"
    resolved "https://registry.yarnpkg.com/bootstrap/-/bootstrap-5.1.3.tgz#ba081b0c130f810fa70900acbc1c6d3c28fa8f34"
    integrity sha512-fcQztozJ8jToQWXxVuEyXWW+dSo8AiXWKwiSSrKWsRB/Qt+Ewwza+JWoLKiTuQLaEPhdNAJ7+Dosc9DOIqNy7Q==
